Jul 18, 2018 10:26:17 AM org.apache.catalina.core.StandardServer await
INFO: A valid shutdown command was received via the shutdown port. Stopping the Server instance.
Jul 18, 2018 10:26:17 AM org.apache.coyote.AbstractProtocol pause
INFO: Pausing ProtocolHandler ["http-bio-8888"]
Jul 18, 2018 10:26:18 AM org.apache.coyote.AbstractProtocol pause
INFO: Pausing ProtocolHandler ["http-bio-8443"]
Jul 18, 2018 10:26:18 AM org.apache.catalina.core.StandardService stopInternal
INFO: Stopping service Catalina
Jul 18, 2018 10:26:18 AM org.springframework.context.support.AbstractApplicationContext doClose
INFO: Closing org.springframework.web.context.support.XmlWebApplicationContext@1c1a19c1: display name [WebApplicationContext for namespace 'mvc-dispatcher-servlet']; startup date [Tue Jul 17 14:55:18 PDT 2018]; root of context hierarchy
Jul 18, 2018 10:26:18 AM org.springframework.beans.factory.support.DefaultSingletonBeanRegistry destroySingletons
INFO: Destroying singletons in org.springframework.beans.factory.support.DefaultListableBeanFactory@12123b4a: defining beans [viewResolver,/welcome.htm]; root of factory hierarchy
Jul 18, 2018 10:26:19 AM org.springframework.context.support.AbstractApplicationContext doClose
INFO: Closing org.springframework.web.context.support.XmlWebApplicationContext@59e393fa: display name [WebApplicationContext for namespace 'mvc-dispatcher-servlet']; startup date [Tue Jul 17 14:55:27 PDT 2018]; root of context hierarchy
Jul 18, 2018 10:26:19 AM org.springframework.beans.factory.support.DefaultSingletonBeanRegistry destroySingletons
INFO: Destroying singletons in org.springframework.beans.factory.support.DefaultListableBeanFactory@5c5199b2: defining beans [viewResolver,/welcome.htm]; root of factory hierarchy
Jul 18, 2018 10:26:20 AM org.apache.coyote.AbstractProtocol stop
INFO: Stopping ProtocolHandler ["http-bio-8888"]
Jul 18, 2018 10:26:20 AM org.apache.coyote.AbstractProtocol destroy
INFO: Destroying ProtocolHandler ["http-bio-8888"]
Jul 18, 2018 10:26:20 AM org.apache.coyote.AbstractProtocol stop
INFO: Stopping ProtocolHandler ["http-bio-8443"]
Jul 18, 2018 10:26:20 AM org.apache.coyote.AbstractProtocol destroy
INFO: Destroying ProtocolHandler ["http-bio-8443"]
Jul 18, 2018 10:26:29 AM org.apache.catalina.startup.VersionLoggerListener log
INFO: Server version:        Apache Tomcat/7.0.90
Jul 18, 2018 10:26:30 AM org.apache.catalina.startup.VersionLoggerListener log
INFO: Server built:          Jul 2 2018 17:05:37 UTC
Jul 18, 2018 10:26:30 AM org.apache.catalina.startup.VersionLoggerListener log
INFO: Server number:         7.0.90.0
Jul 18, 2018 10:26:30 AM org.apache.catalina.startup.VersionLoggerListener log
INFO: OS Name:               Linux
Jul 18, 2018 10:26:30 AM org.apache.catalina.startup.VersionLoggerListener log
INFO: OS Version:            3.10.0-862.6.3.el7.x86_64
Jul 18, 2018 10:26:30 AM org.apache.catalina.startup.VersionLoggerListener log
INFO: Architecture:          amd64
Jul 18, 2018 10:26:30 AM org.apache.catalina.startup.VersionLoggerListener log
INFO: Java Home:             /usr/java/jdk1.8.0_131/jre
Jul 18, 2018 10:26:30 AM org.apache.catalina.startup.VersionLoggerListener log
INFO: JVM Version:           1.8.0_131-b11
Jul 18, 2018 10:26:30 AM org.apache.catalina.startup.VersionLoggerListener log
INFO: JVM Vendor:            Oracle Corporation
Jul 18, 2018 10:26:30 AM org.apache.catalina.startup.VersionLoggerListener log
INFO: CATALINA_BASE:         /home/avsek/opt/apache
Jul 18, 2018 10:26:30 AM org.apache.catalina.startup.VersionLoggerListener log
INFO: CATALINA_HOME:         /home/avsek/opt/apache
Jul 18, 2018 10:26:30 AM org.apache.catalina.startup.VersionLoggerListener log
INFO: Command line argument: -Djava.util.logging.config.file=/home/avsek/opt/apache/conf/logging.properties
Jul 18, 2018 10:26:30 AM org.apache.catalina.startup.VersionLoggerListener log
INFO: Command line argument: -Djava.util.logging.manager=org.apache.juli.ClassLoaderLogManager
Jul 18, 2018 10:26:30 AM org.apache.catalina.startup.VersionLoggerListener log
INFO: Command line argument: -Djdk.tls.ephemeralDHKeySize=2048
Jul 18, 2018 10:26:30 AM org.apache.catalina.startup.VersionLoggerListener log
INFO: Command line argument: -Dignore.endorsed.dirs=
Jul 18, 2018 10:26:30 AM org.apache.catalina.startup.VersionLoggerListener log
INFO: Command line argument: -Dcatalina.base=/home/avsek/opt/apache
Jul 18, 2018 10:26:30 AM org.apache.catalina.startup.VersionLoggerListener log
INFO: Command line argument: -Dcatalina.home=/home/avsek/opt/apache
Jul 18, 2018 10:26:30 AM org.apache.catalina.startup.VersionLoggerListener log
INFO: Command line argument: -Djava.io.tmpdir=/home/avsek/opt/apache/temp
Jul 18, 2018 10:26:30 AM org.apache.catalina.core.AprLifecycleListener lifecycleEvent
INFO: The APR based Apache Tomcat Native library which allows optimal performance in production environments was not found on the java.library.path: /usr/java/packages/lib/amd64:/usr/lib64:/lib64:/lib:/usr/lib
Jul 18, 2018 10:26:31 AM org.apache.coyote.AbstractProtocol init
INFO: Initializing ProtocolHandler ["http-bio-8888"]
Jul 18, 2018 10:26:32 AM org.apache.coyote.AbstractProtocol init
INFO: Initializing ProtocolHandler ["http-bio-8443"]
Jul 18, 2018 10:26:34 AM org.apache.coyote.AbstractProtocol init
SEVERE: Failed to initialize end point associated with ProtocolHandler ["http-bio-8443"]
java.io.IOException: Keystore was tampered with, or password was incorrect
	at sun.security.provider.JavaKeyStore.engineLoad(JavaKeyStore.java:780)
	at sun.security.provider.JavaKeyStore$JKS.engineLoad(JavaKeyStore.java:56)
	at sun.security.provider.KeyStoreDelegator.engineLoad(KeyStoreDelegator.java:224)
	at sun.security.provider.JavaKeyStore$DualFormatJKS.engineLoad(JavaKeyStore.java:70)
	at java.security.KeyStore.load(KeyStore.java:1445)
	at org.apache.tomcat.util.net.jsse.JSSESocketFactory.getStore(JSSESocketFactory.java:477)
	at org.apache.tomcat.util.net.jsse.JSSESocketFactory.getKeystore(JSSESocketFactory.java:381)
	at org.apache.tomcat.util.net.jsse.JSSESocketFactory.getKeyManagers(JSSESocketFactory.java:634)
	at org.apache.tomcat.util.net.jsse.JSSESocketFactory.getKeyManagers(JSSESocketFactory.java:574)
	at org.apache.tomcat.util.net.jsse.JSSESocketFactory.init(JSSESocketFactory.java:519)
	at org.apache.tomcat.util.net.jsse.JSSESocketFactory.createSocket(JSSESocketFactory.java:255)
	at org.apache.tomcat.util.net.JIoEndpoint.bind(JIoEndpoint.java:400)
	at org.apache.tomcat.util.net.AbstractEndpoint.init(AbstractEndpoint.java:728)
	at org.apache.coyote.AbstractProtocol.init(AbstractProtocol.java:452)
	at org.apache.coyote.http11.AbstractHttp11JsseProtocol.init(AbstractHttp11JsseProtocol.java:119)
	at org.apache.catalina.connector.Connector.initInternal(Connector.java:978)
	at org.apache.catalina.util.LifecycleBase.init(LifecycleBase.java:102)
	at org.apache.catalina.core.StandardService.initInternal(StandardService.java:560)
	at org.apache.catalina.util.LifecycleBase.init(LifecycleBase.java:102)
	at org.apache.catalina.core.StandardServer.initInternal(StandardServer.java:840)
	at org.apache.catalina.util.LifecycleBase.init(LifecycleBase.java:102)
	at org.apache.catalina.startup.Catalina.load(Catalina.java:654)
	at org.apache.catalina.startup.Catalina.load(Catalina.java:679)
	at sun.reflect.NativeMethodAccessorImpl.invoke0(Native Method)
	at sun.reflect.NativeMethodAccessorImpl.invoke(NativeMethodAccessorImpl.java:62)
	at sun.reflect.DelegatingMethodAccessorImpl.invoke(DelegatingMethodAccessorImpl.java:43)
	at java.lang.reflect.Method.invoke(Method.java:498)
	at org.apache.catalina.startup.Bootstrap.load(Bootstrap.java:253)
	at org.apache.catalina.startup.Bootstrap.main(Bootstrap.java:427)
Caused by: java.security.UnrecoverableKeyException: Password verification failed
	at sun.security.provider.JavaKeyStore.engineLoad(JavaKeyStore.java:778)
	... 28 more

Jul 18, 2018 10:26:34 AM org.apache.catalina.core.StandardService initInternal
SEVERE: Failed to initialize connector [Connector[HTTP/1.1-8443]]
org.apache.catalina.LifecycleException: Failed to initialize component [Connector[HTTP/1.1-8443]]
	at org.apache.catalina.util.LifecycleBase.init(LifecycleBase.java:107)
	at org.apache.catalina.core.StandardService.initInternal(StandardService.java:560)
	at org.apache.catalina.util.LifecycleBase.init(LifecycleBase.java:102)
	at org.apache.catalina.core.StandardServer.initInternal(StandardServer.java:840)
	at org.apache.catalina.util.LifecycleBase.init(LifecycleBase.java:102)
	at org.apache.catalina.startup.Catalina.load(Catalina.java:654)
	at org.apache.catalina.startup.Catalina.load(Catalina.java:679)
	at sun.reflect.NativeMethodAccessorImpl.invoke0(Native Method)
	at sun.reflect.NativeMethodAccessorImpl.invoke(NativeMethodAccessorImpl.java:62)
	at sun.reflect.DelegatingMethodAccessorImpl.invoke(DelegatingMethodAccessorImpl.java:43)
	at java.lang.reflect.Method.invoke(Method.java:498)
	at org.apache.catalina.startup.Bootstrap.load(Bootstrap.java:253)
	at org.apache.catalina.startup.Bootstrap.main(Bootstrap.java:427)
Caused by: org.apache.catalina.LifecycleException: Protocol handler initialization failed
	at org.apache.catalina.connector.Connector.initInternal(Connector.java:980)
	at org.apache.catalina.util.LifecycleBase.init(LifecycleBase.java:102)
	... 12 more
Caused by: java.io.IOException: Keystore was tampered with, or password was incorrect
	at sun.security.provider.JavaKeyStore.engineLoad(JavaKeyStore.java:780)
	at sun.security.provider.JavaKeyStore$JKS.engineLoad(JavaKeyStore.java:56)
	at sun.security.provider.KeyStoreDelegator.engineLoad(KeyStoreDelegator.java:224)
	at sun.security.provider.JavaKeyStore$DualFormatJKS.engineLoad(JavaKeyStore.java:70)
	at java.security.KeyStore.load(KeyStore.java:1445)
	at org.apache.tomcat.util.net.jsse.JSSESocketFactory.getStore(JSSESocketFactory.java:477)
	at org.apache.tomcat.util.net.jsse.JSSESocketFactory.getKeystore(JSSESocketFactory.java:381)
	at org.apache.tomcat.util.net.jsse.JSSESocketFactory.getKeyManagers(JSSESocketFactory.java:634)
	at org.apache.tomcat.util.net.jsse.JSSESocketFactory.getKeyManagers(JSSESocketFactory.java:574)
	at org.apache.tomcat.util.net.jsse.JSSESocketFactory.init(JSSESocketFactory.java:519)
	at org.apache.tomcat.util.net.jsse.JSSESocketFactory.createSocket(JSSESocketFactory.java:255)
	at org.apache.tomcat.util.net.JIoEndpoint.bind(JIoEndpoint.java:400)
	at org.apache.tomcat.util.net.AbstractEndpoint.init(AbstractEndpoint.java:728)
	at org.apache.coyote.AbstractProtocol.init(AbstractProtocol.java:452)
	at org.apache.coyote.http11.AbstractHttp11JsseProtocol.init(AbstractHttp11JsseProtocol.java:119)
	at org.apache.catalina.connector.Connector.initInternal(Connector.java:978)
	... 13 more
Caused by: java.security.UnrecoverableKeyException: Password verification failed
	at sun.security.provider.JavaKeyStore.engineLoad(JavaKeyStore.java:778)
	... 28 more

Jul 18, 2018 10:26:34 AM org.apache.catalina.startup.Catalina load
INFO: Initialization processed in 9903 ms
Jul 18, 2018 10:26:34 AM org.apache.catalina.core.StandardService startInternal
INFO: Starting service Catalina
Jul 18, 2018 10:26:34 AM org.apache.catalina.core.StandardEngine startInternal
INFO: Starting Servlet Engine: Apache Tomcat/7.0.90
Jul 18, 2018 10:26:34 AM org.apache.catalina.startup.HostConfig deployWAR
INFO: Deploying web application archive /home/avsek/opt/apache-tomcat-7.0.90/webapps/mycontext.war
Jul 18, 2018 10:26:44 AM org.springframework.web.servlet.FrameworkServlet initServletBean
INFO: FrameworkServlet 'mvc-dispatcher': initialization started
Jul 18, 2018 10:26:44 AM org.springframework.context.support.AbstractApplicationContext prepareRefresh
INFO: Refreshing org.springframework.web.context.support.XmlWebApplicationContext@f353c63: display name [WebApplicationContext for namespace 'mvc-dispatcher-servlet']; startup date [Wed Jul 18 10:26:44 PDT 2018]; root of context hierarchy
Jul 18, 2018 10:26:44 AM org.springframework.beans.factory.xml.XmlBeanDefinitionReader loadBeanDefinitions
INFO: Loading XML bean definitions from ServletContext resource [/WEB-INF/mvc-dispatcher-servlet.xml]
Jul 18, 2018 10:26:45 AM org.springframework.context.support.AbstractApplicationContext obtainFreshBeanFactory
INFO: Bean factory for application context [org.springframework.web.context.support.XmlWebApplicationContext@f353c63]: org.springframework.beans.factory.support.DefaultListableBeanFactory@1eebe05
Jul 18, 2018 10:26:45 AM org.springframework.beans.factory.support.DefaultListableBeanFactory preInstantiateSingletons
INFO: Pre-instantiating singletons in org.springframework.beans.factory.support.DefaultListableBeanFactory@1eebe05: defining beans [viewResolver,/welcome.htm]; root of factory hierarchy
Jul 18, 2018 10:26:45 AM org.springframework.web.servlet.FrameworkServlet initServletBean
INFO: FrameworkServlet 'mvc-dispatcher': initialization completed in 1933 ms
Jul 18, 2018 10:26:46 AM org.apache.catalina.startup.HostConfig deployWAR
INFO: Deployment of web application archive /home/avsek/opt/apache-tomcat-7.0.90/webapps/mycontext.war has finished in 11,106 ms
Jul 18, 2018 10:26:46 AM org.apache.catalina.startup.HostConfig deployWAR
INFO: Deploying web application archive /home/avsek/opt/apache-tomcat-7.0.90/webapps/home.war
Jul 18, 2018 10:26:49 AM org.springframework.web.servlet.FrameworkServlet initServletBean
INFO: FrameworkServlet 'mvc-dispatcher': initialization started
Jul 18, 2018 10:26:49 AM org.springframework.context.support.AbstractApplicationContext prepareRefresh
INFO: Refreshing org.springframework.web.context.support.XmlWebApplicationContext@32e9705: display name [WebApplicationContext for namespace 'mvc-dispatcher-servlet']; startup date [Wed Jul 18 10:26:49 PDT 2018]; root of context hierarchy
Jul 18, 2018 10:26:50 AM org.springframework.beans.factory.xml.XmlBeanDefinitionReader loadBeanDefinitions
INFO: Loading XML bean definitions from ServletContext resource [/WEB-INF/mvc-dispatcher-servlet.xml]
Jul 18, 2018 10:26:50 AM org.springframework.context.support.AbstractApplicationContext obtainFreshBeanFactory
INFO: Bean factory for application context [org.springframework.web.context.support.XmlWebApplicationContext@32e9705]: org.springframework.beans.factory.support.DefaultListableBeanFactory@5fb0f6f7
Jul 18, 2018 10:26:50 AM org.springframework.beans.factory.support.DefaultListableBeanFactory preInstantiateSingletons
INFO: Pre-instantiating singletons in org.springframework.beans.factory.support.DefaultListableBeanFactory@5fb0f6f7: defining beans [viewResolver,/welcome.htm]; root of factory hierarchy
Jul 18, 2018 10:26:51 AM org.springframework.web.servlet.FrameworkServlet initServletBean
INFO: FrameworkServlet 'mvc-dispatcher': initialization completed in 1729 ms
Jul 18, 2018 10:26:51 AM org.apache.catalina.startup.HostConfig deployWAR
INFO: Deployment of web application archive /home/avsek/opt/apache-tomcat-7.0.90/webapps/home.war has finished in 5,186 ms
Jul 18, 2018 10:26:51 AM org.apache.catalina.startup.HostConfig deployDirectory
INFO: Deploying web application directory /home/avsek/opt/apache-tomcat-7.0.90/webapps/ROOT
Jul 18, 2018 10:26:51 AM org.apache.catalina.startup.HostConfig deployDirectory
INFO: Deployment of web application directory /home/avsek/opt/apache-tomcat-7.0.90/webapps/ROOT has finished in 216 ms
Jul 18, 2018 10:26:51 AM org.apache.catalina.startup.HostConfig deployDirectory
INFO: Deploying web application directory /home/avsek/opt/apache-tomcat-7.0.90/webapps/docs
Jul 18, 2018 10:26:51 AM org.apache.catalina.startup.HostConfig deployDirectory
INFO: Deployment of web application directory /home/avsek/opt/apache-tomcat-7.0.90/webapps/docs has finished in 229 ms
Jul 18, 2018 10:26:51 AM org.apache.catalina.startup.HostConfig deployDirectory
INFO: Deploying web application directory /home/avsek/opt/apache-tomcat-7.0.90/webapps/examples
Jul 18, 2018 10:26:53 AM org.apache.catalina.startup.HostConfig deployDirectory
INFO: Deployment of web application directory /home/avsek/opt/apache-tomcat-7.0.90/webapps/examples has finished in 1,765 ms
Jul 18, 2018 10:26:53 AM org.apache.catalina.startup.HostConfig deployDirectory
INFO: Deploying web application directory /home/avsek/opt/apache-tomcat-7.0.90/webapps/host-manager
Jul 18, 2018 10:26:54 AM org.apache.catalina.startup.HostConfig deployDirectory
INFO: Deployment of web application directory /home/avsek/opt/apache-tomcat-7.0.90/webapps/host-manager has finished in 1,102 ms
Jul 18, 2018 10:26:54 AM org.apache.catalina.startup.HostConfig deployDirectory
INFO: Deploying web application directory /home/avsek/opt/apache-tomcat-7.0.90/webapps/manager
Jul 18, 2018 10:26:55 AM org.apache.catalina.startup.HostConfig deployDirectory
INFO: Deployment of web application directory /home/avsek/opt/apache-tomcat-7.0.90/webapps/manager has finished in 487 ms
Jul 18, 2018 10:26:55 AM org.apache.coyote.AbstractProtocol start
INFO: Starting ProtocolHandler ["http-bio-8888"]
Jul 18, 2018 10:26:55 AM org.apache.catalina.startup.Catalina start
INFO: Server startup in 20830 ms
Jul 18, 2018 10:36:02 AM org.apache.catalina.core.StandardServer await
INFO: A valid shutdown command was received via the shutdown port. Stopping the Server instance.
Jul 18, 2018 10:36:02 AM org.apache.coyote.AbstractProtocol pause
INFO: Pausing ProtocolHandler ["http-bio-8888"]
Jul 18, 2018 10:36:02 AM org.apache.coyote.AbstractProtocol pause
INFO: Pausing ProtocolHandler ["http-bio-8443"]
Jul 18, 2018 10:36:02 AM org.apache.catalina.core.StandardService stopInternal
INFO: Stopping service Catalina
Jul 18, 2018 10:36:02 AM org.springframework.context.support.AbstractApplicationContext doClose
INFO: Closing org.springframework.web.context.support.XmlWebApplicationContext@f353c63: display name [WebApplicationContext for namespace 'mvc-dispatcher-servlet']; startup date [Wed Jul 18 10:26:44 PDT 2018]; root of context hierarchy
Jul 18, 2018 10:36:02 AM org.springframework.beans.factory.support.DefaultSingletonBeanRegistry destroySingletons
INFO: Destroying singletons in org.springframework.beans.factory.support.DefaultListableBeanFactory@1eebe05: defining beans [viewResolver,/welcome.htm]; root of factory hierarchy
Jul 18, 2018 10:36:02 AM org.springframework.context.support.AbstractApplicationContext doClose
INFO: Closing org.springframework.web.context.support.XmlWebApplicationContext@32e9705: display name [WebApplicationContext for namespace 'mvc-dispatcher-servlet']; startup date [Wed Jul 18 10:26:49 PDT 2018]; root of context hierarchy
Jul 18, 2018 10:36:02 AM org.springframework.beans.factory.support.DefaultSingletonBeanRegistry destroySingletons
INFO: Destroying singletons in org.springframework.beans.factory.support.DefaultListableBeanFactory@5fb0f6f7: defining beans [viewResolver,/welcome.htm]; root of factory hierarchy
Jul 18, 2018 10:36:02 AM org.apache.coyote.AbstractProtocol stop
INFO: Stopping ProtocolHandler ["http-bio-8888"]
Jul 18, 2018 10:36:02 AM org.apache.coyote.AbstractProtocol destroy
INFO: Destroying ProtocolHandler ["http-bio-8888"]
Jul 18, 2018 10:36:02 AM org.apache.coyote.AbstractProtocol stop
INFO: Stopping ProtocolHandler ["http-bio-8443"]
Jul 18, 2018 10:36:02 AM org.apache.coyote.AbstractProtocol destroy
INFO: Destroying ProtocolHandler ["http-bio-8443"]
Jul 18, 2018 10:59:24 AM org.apache.catalina.startup.VersionLoggerListener log
INFO: Server version:        Apache Tomcat/7.0.90
Jul 18, 2018 10:59:24 AM org.apache.catalina.startup.VersionLoggerListener log
INFO: Server built:          Jul 2 2018 17:05:37 UTC
Jul 18, 2018 10:59:24 AM org.apache.catalina.startup.VersionLoggerListener log
INFO: Server number:         7.0.90.0
Jul 18, 2018 10:59:24 AM org.apache.catalina.startup.VersionLoggerListener log
INFO: OS Name:               Linux
Jul 18, 2018 10:59:24 AM org.apache.catalina.startup.VersionLoggerListener log
INFO: OS Version:            3.10.0-862.6.3.el7.x86_64
Jul 18, 2018 10:59:24 AM org.apache.catalina.startup.VersionLoggerListener log
INFO: Architecture:          amd64
Jul 18, 2018 10:59:24 AM org.apache.catalina.startup.VersionLoggerListener log
INFO: Java Home:             /usr/java/jdk1.8.0_131/jre
Jul 18, 2018 10:59:24 AM org.apache.catalina.startup.VersionLoggerListener log
INFO: JVM Version:           1.8.0_131-b11
Jul 18, 2018 10:59:25 AM org.apache.catalina.startup.VersionLoggerListener log
INFO: JVM Vendor:            Oracle Corporation
Jul 18, 2018 10:59:25 AM org.apache.catalina.startup.VersionLoggerListener log
INFO: CATALINA_BASE:         /home/avsek/opt/apache
Jul 18, 2018 10:59:25 AM org.apache.catalina.startup.VersionLoggerListener log
INFO: CATALINA_HOME:         /home/avsek/opt/apache
Jul 18, 2018 10:59:25 AM org.apache.catalina.startup.VersionLoggerListener log
INFO: Command line argument: -Djava.util.logging.config.file=/home/avsek/opt/apache/conf/logging.properties
Jul 18, 2018 10:59:25 AM org.apache.catalina.startup.VersionLoggerListener log
INFO: Command line argument: -Djava.util.logging.manager=org.apache.juli.ClassLoaderLogManager
Jul 18, 2018 10:59:25 AM org.apache.catalina.startup.VersionLoggerListener log
INFO: Command line argument: -Djdk.tls.ephemeralDHKeySize=2048
Jul 18, 2018 10:59:25 AM org.apache.catalina.startup.VersionLoggerListener log
INFO: Command line argument: -Dignore.endorsed.dirs=
Jul 18, 2018 10:59:25 AM org.apache.catalina.startup.VersionLoggerListener log
INFO: Command line argument: -Dcatalina.base=/home/avsek/opt/apache
Jul 18, 2018 10:59:25 AM org.apache.catalina.startup.VersionLoggerListener log
INFO: Command line argument: -Dcatalina.home=/home/avsek/opt/apache
Jul 18, 2018 10:59:25 AM org.apache.catalina.startup.VersionLoggerListener log
INFO: Command line argument: -Djava.io.tmpdir=/home/avsek/opt/apache/temp
Jul 18, 2018 10:59:25 AM org.apache.catalina.core.AprLifecycleListener lifecycleEvent
INFO: The APR based Apache Tomcat Native library which allows optimal performance in production environments was not found on the java.library.path: /usr/java/packages/lib/amd64:/usr/lib64:/lib64:/lib:/usr/lib
Jul 18, 2018 10:59:27 AM org.apache.coyote.AbstractProtocol init
INFO: Initializing ProtocolHandler ["http-bio-8443"]
Jul 18, 2018 10:59:32 AM org.apache.catalina.startup.Catalina load
INFO: Initialization processed in 13636 ms
Jul 18, 2018 10:59:32 AM org.apache.catalina.core.StandardService startInternal
INFO: Starting service Catalina
Jul 18, 2018 10:59:32 AM org.apache.catalina.core.StandardEngine startInternal
INFO: Starting Servlet Engine: Apache Tomcat/7.0.90
Jul 18, 2018 10:59:33 AM org.apache.catalina.startup.HostConfig deployWAR
INFO: Deploying web application archive /home/avsek/opt/apache-tomcat-7.0.90/webapps/mycontext.war
Jul 18, 2018 10:59:45 AM org.springframework.web.servlet.FrameworkServlet initServletBean
INFO: FrameworkServlet 'mvc-dispatcher': initialization started
Jul 18, 2018 10:59:45 AM org.springframework.context.support.AbstractApplicationContext prepareRefresh
INFO: Refreshing org.springframework.web.context.support.XmlWebApplicationContext@48300905: display name [WebApplicationContext for namespace 'mvc-dispatcher-servlet']; startup date [Wed Jul 18 10:59:45 PDT 2018]; root of context hierarchy
Jul 18, 2018 10:59:45 AM org.springframework.beans.factory.xml.XmlBeanDefinitionReader loadBeanDefinitions
INFO: Loading XML bean definitions from ServletContext resource [/WEB-INF/mvc-dispatcher-servlet.xml]
Jul 18, 2018 10:59:46 AM org.springframework.context.support.AbstractApplicationContext obtainFreshBeanFactory
INFO: Bean factory for application context [org.springframework.web.context.support.XmlWebApplicationContext@48300905]: org.springframework.beans.factory.support.DefaultListableBeanFactory@1e2ad717
Jul 18, 2018 10:59:46 AM org.springframework.beans.factory.support.DefaultListableBeanFactory preInstantiateSingletons
INFO: Pre-instantiating singletons in org.springframework.beans.factory.support.DefaultListableBeanFactory@1e2ad717: defining beans [viewResolver,/welcome.htm]; root of factory hierarchy
Jul 18, 2018 10:59:46 AM org.springframework.web.servlet.FrameworkServlet initServletBean
INFO: FrameworkServlet 'mvc-dispatcher': initialization completed in 1422 ms
Jul 18, 2018 10:59:46 AM org.apache.catalina.startup.HostConfig deployWAR
INFO: Deployment of web application archive /home/avsek/opt/apache-tomcat-7.0.90/webapps/mycontext.war has finished in 13,471 ms
Jul 18, 2018 10:59:46 AM org.apache.catalina.startup.HostConfig deployWAR
INFO: Deploying web application archive /home/avsek/opt/apache-tomcat-7.0.90/webapps/home.war
Jul 18, 2018 10:59:51 AM org.springframework.web.servlet.FrameworkServlet initServletBean
INFO: FrameworkServlet 'mvc-dispatcher': initialization started
Jul 18, 2018 10:59:51 AM org.springframework.context.support.AbstractApplicationContext prepareRefresh
INFO: Refreshing org.springframework.web.context.support.XmlWebApplicationContext@50941e4d: display name [WebApplicationContext for namespace 'mvc-dispatcher-servlet']; startup date [Wed Jul 18 10:59:51 PDT 2018]; root of context hierarchy
Jul 18, 2018 10:59:52 AM org.springframework.beans.factory.xml.XmlBeanDefinitionReader loadBeanDefinitions
INFO: Loading XML bean definitions from ServletContext resource [/WEB-INF/mvc-dispatcher-servlet.xml]
Jul 18, 2018 10:59:52 AM org.springframework.context.support.AbstractApplicationContext obtainFreshBeanFactory
INFO: Bean factory for application context [org.springframework.web.context.support.XmlWebApplicationContext@50941e4d]: org.springframework.beans.factory.support.DefaultListableBeanFactory@559d7737
Jul 18, 2018 10:59:52 AM org.springframework.beans.factory.support.DefaultListableBeanFactory preInstantiateSingletons
INFO: Pre-instantiating singletons in org.springframework.beans.factory.support.DefaultListableBeanFactory@559d7737: defining beans [viewResolver,/welcome.htm]; root of factory hierarchy
Jul 18, 2018 10:59:53 AM org.springframework.web.servlet.FrameworkServlet initServletBean
INFO: FrameworkServlet 'mvc-dispatcher': initialization completed in 1560 ms
Jul 18, 2018 10:59:53 AM org.apache.catalina.startup.HostConfig deployWAR
INFO: Deployment of web application archive /home/avsek/opt/apache-tomcat-7.0.90/webapps/home.war has finished in 6,487 ms
Jul 18, 2018 10:59:53 AM org.apache.catalina.startup.HostConfig deployDirectory
INFO: Deploying web application directory /home/avsek/opt/apache-tomcat-7.0.90/webapps/ROOT
Jul 18, 2018 10:59:53 AM org.apache.catalina.startup.HostConfig deployDirectory
INFO: Deployment of web application directory /home/avsek/opt/apache-tomcat-7.0.90/webapps/ROOT has finished in 278 ms
Jul 18, 2018 10:59:53 AM org.apache.catalina.startup.HostConfig deployDirectory
INFO: Deploying web application directory /home/avsek/opt/apache-tomcat-7.0.90/webapps/docs
Jul 18, 2018 10:59:53 AM org.apache.catalina.startup.HostConfig deployDirectory
INFO: Deployment of web application directory /home/avsek/opt/apache-tomcat-7.0.90/webapps/docs has finished in 276 ms
Jul 18, 2018 10:59:53 AM org.apache.catalina.startup.HostConfig deployDirectory
INFO: Deploying web application directory /home/avsek/opt/apache-tomcat-7.0.90/webapps/examples
Jul 18, 2018 10:59:55 AM org.apache.catalina.startup.HostConfig deployDirectory
INFO: Deployment of web application directory /home/avsek/opt/apache-tomcat-7.0.90/webapps/examples has finished in 1,736 ms
Jul 18, 2018 10:59:55 AM org.apache.catalina.startup.HostConfig deployDirectory
INFO: Deploying web application directory /home/avsek/opt/apache-tomcat-7.0.90/webapps/host-manager
Jul 18, 2018 10:59:56 AM org.apache.catalina.startup.HostConfig deployDirectory
INFO: Deployment of web application directory /home/avsek/opt/apache-tomcat-7.0.90/webapps/host-manager has finished in 1,044 ms
Jul 18, 2018 10:59:56 AM org.apache.catalina.startup.HostConfig deployDirectory
INFO: Deploying web application directory /home/avsek/opt/apache-tomcat-7.0.90/webapps/manager
Jul 18, 2018 10:59:57 AM org.apache.catalina.startup.HostConfig deployDirectory
INFO: Deployment of web application directory /home/avsek/opt/apache-tomcat-7.0.90/webapps/manager has finished in 644 ms
Jul 18, 2018 10:59:57 AM org.apache.coyote.AbstractProtocol start
INFO: Starting ProtocolHandler ["http-bio-8443"]
Jul 18, 2018 10:59:57 AM org.apache.catalina.startup.Catalina start
INFO: Server startup in 25196 ms
